<?xml version="1.0" encoding="UTF-8"?>
<testsuite xmlns:xsi="http://www.w3.org/2001/XMLSchema-instance" xsi:noNamespaceSchemaLocation="https://maven.apache.org/surefire/maven-surefire-plugin/xsd/surefire-test-report.xsd" version="3.0.2" name="com.encriptador.EncrypterMylo.EncrypterMyloApplicationTests" time="2.295" tests="1" errors="0" skipped="0" failures="0">
  <properties>
[...]
</properties>
  <testcase name="contextLoads" classname="com.encriptador.EncrypterMylo.EncrypterMyloApplicationTests" time="0.555">
    <system-out><![CDATA[20:46:11.158 [main] INFO org.springframework.test.context.support.AnnotationConfigContextLoaderUtils -- Could not detect default configuration classes for test class [com.encriptador.EncrypterMylo.EncrypterMyloApplicationTests]: EncrypterMyloApplicationTests does not declare any static, non-private, non-final, nested classes annotated with @Configuration.
20:46:11.285 [main] INFO org.springframework.boot.test.context.SpringBootTestContextBootstrapper -- Found @SpringBootConfiguration com.encriptador.EncrypterMylo.EncrypterMyloApplication for test class com.encriptador.EncrypterMylo.EncrypterMyloApplicationTests

  .   ____          _            __ _ _
 /\\ / ___'_ __ _ _(_)_ __  __ _ \ \ \ \
( ( )\___ | '_ | '_| | '_ \/ _` | \ \ \ \
 \\/  ___)| |_)| | | | | || (_| |  ) ) ) )
  '  |____| .__|_| |_|_| |_\__, | / / / /
 =========|_|==============|___/=/_/_/_/

 :: Spring Boot ::                (v3.5.0)

2025-06-02T20:46:11.746-05:00  INFO 2128 --- [EncrypterMylo] [           main] c.e.E.EncrypterMyloApplicationTests      : Starting EncrypterMyloApplicationTests using Java 21.0.5 with PID 2128 (started by camil in C:\Users\camil\Desktop\EncrypterMylo)
2025-06-02T20:46:11.750-05:00  INFO 2128 --- [EncrypterMylo] [           main] c.e.E.EncrypterMyloApplicationTests      : No active profile set, falling back to 1 default profile: "default"
2025-06-02T20:46:12.739-05:00  INFO 2128 --- [EncrypterMylo] [           main] c.e.E.EncrypterMyloApplicationTests      : Started EncrypterMyloApplicationTests in 1.287 seconds (process running for 2.218)
]]></system-out>
    <system-err><![CDATA[Mockito is currently self-attaching to enable the inline-mock-maker. This will no longer work in future releases of the JDK. Please add Mockito as an agent to your build as described in Mockito's documentation: https://javadoc.io/doc/org.mockito/mockito-core/latest/org.mockito/org/mockito/Mockito.html#0.3
WARNING: A Java agent has been loaded dynamically (C:\Users\camil\.m2\repository\net\bytebuddy\byte-buddy-agent\1.17.5\byte-buddy-agent-1.17.5.jar)
WARNING: If a serviceability tool is in use, please run with -XX:+EnableDynamicAgentLoading to hide this warning
WARNING: If a serviceability tool is not in use, please run with -Djdk.instrument.traceUsage for more information
WARNING: Dynamic loading of agents will be disallowed by default in a future release
]]></system-err>
  </testcase>
</testsuite>